0 info it worked if it ends with ok
1 verbose cli [ '/Users/justinmarshall/.nvm/versions/node/v5.4.0/bin/node',
1 verbose cli   '/Users/justinmarshall/.nvm/versions/node/v5.4.0/bin/npm',
1 verbose cli   'run',
1 verbose cli   'serve' ]
2 info using npm@3.8.7
3 info using node@v5.4.0
4 verbose run-script [ 'preserve', 'serve', 'postserve' ]
5 info lifecycle algorithms@1.0.0~preserve: algorithms@1.0.0
6 silly lifecycle algorithms@1.0.0~preserve: no script for preserve, continuing
7 info lifecycle algorithms@1.0.0~serve: algorithms@1.0.0
8 verbose lifecycle algorithms@1.0.0~serve: unsafe-perm in lifecycle true
9 verbose lifecycle algorithms@1.0.0~serve: PATH: /Users/justinmarshall/.nvm/versions/node/v5.4.0/lib/node_modules/npm/bin/node-gyp-bin:/Users/justinmarshall/Sites/sandbox/algorithms/node_modules/.bin:/Users/justinmarshall/.nvm/versions/node/v5.4.0/bin:/Users/justinmarshall/.nvm/versions/node/v5.4.0/bin:/usr/local/bin:/usr/bin:/bin:/usr/sbin:/sbin:/Users/justinmarshall/.node/bin
10 verbose lifecycle algorithms@1.0.0~serve: CWD: /Users/justinmarshall/Sites/sandbox/algorithms
11 silly lifecycle algorithms@1.0.0~serve: Args: [ '-c',
11 silly lifecycle   'webpack-dev-serverr --content-base build/ --devtool eval --progress --colors --hot' ]
12 info lifecycle algorithms@1.0.0~serve: Failed to exec serve script
13 verbose stack Error: algorithms@1.0.0 serve: `webpack-dev-serverr --content-base build/ --devtool eval --progress --colors --hot`
13 verbose stack spawn ENOENT
13 verbose stack     at ChildProcess.<anonymous> (/Users/justinmarshall/.nvm/versions/node/v5.4.0/lib/node_modules/npm/lib/utils/spawn.js:17:16)
13 verbose stack     at emitTwo (events.js:87:13)
13 verbose stack     at ChildProcess.emit (events.js:172:7)
13 verbose stack     at maybeClose (internal/child_process.js:821:16)
13 verbose stack     at Process.ChildProcess._handle.onexit (internal/child_process.js:211:5)
14 verbose pkgid algorithms@1.0.0
15 verbose cwd /Users/justinmarshall/Sites/sandbox/algorithms
16 error Darwin 14.5.0
17 error argv "/Users/justinmarshall/.nvm/versions/node/v5.4.0/bin/node" "/Users/justinmarshall/.nvm/versions/node/v5.4.0/bin/npm" "run" "serve"
18 error node v5.4.0
19 error npm  v3.8.7
20 error file sh
21 error code ELIFECYCLE
22 error errno ENOENT
23 error syscall spawn
24 error algorithms@1.0.0 serve: `webpack-dev-serverr --content-base build/ --devtool eval --progress --colors --hot`
24 error spawn ENOENT
25 error Failed at the algorithms@1.0.0 serve script 'webpack-dev-serverr --content-base build/ --devtool eval --progress --colors --hot'.
25 error Make sure you have the latest version of node.js and npm installed.
25 error If you do, this is most likely a problem with the algorithms package,
25 error not with npm itself.
25 error Tell the author that this fails on your system:
25 error     webpack-dev-serverr --content-base build/ --devtool eval --progress --colors --hot
25 error You can get information on how to open an issue for this project with:
25 error     npm bugs algorithms
25 error Or if that isn't available, you can get their info via:
25 error     npm owner ls algorithms
25 error There is likely additional logging output above.
26 verbose exit [ 1, true ]
